<?xml version="1.0" encoding="UTF-8"?>
<testsuite xmlns:xsi="http://www.w3.org/2001/XMLSchema-instance" xsi:noNamespaceSchemaLocation="https://maven.apache.org/surefire/maven-surefire-plugin/xsd/surefire-test-report.xsd" version="3.0.1" name="com.qualizeal.AppTest" time="0.101" tests="5" errors="0" skipped="3" failures="1">
  <properties>
[...]
</properties>
  <testcase name="test1" classname="com.qualizeal.AppTest" time="0.029"/>
  <testcase name="test2" classname="com.qualizeal.AppTest" time="0.008">
    <failure message="The method name or syntax does not match with the guideline. ==&gt; expected: &lt;true&gt; but was: &lt;false&gt;" type="org.opentest4j.AssertionFailedError"><![CDATA[org.opentest4j.AssertionFailedError: The method name or syntax does not match with the guideline. ==> expected: <true> but was: <false>
	at org.junit.jupiter.api.AssertionFailureBuilder.build(AssertionFailureBuilder.java:151)
	at org.junit.jupiter.api.AssertionFailureBuilder.buildAndThrow(AssertionFailureBuilder.java:132)
	at org.junit.jupiter.api.AssertTrue.failNotTrue(AssertTrue.java:63)
	at org.junit.jupiter.api.AssertTrue.assertTrue(AssertTrue.java:36)
	at org.junit.jupiter.api.Assertions.assertTrue(Assertions.java:214)
	at com.qualizeal.AppTest.test2(AppTest.java:70)
	at java.base/java.lang.reflect.Method.invoke(Method.java:568)
	at java.base/java.util.ArrayList.forEach(ArrayList.java:1511)
	at java.base/java.util.ArrayList.forEach(ArrayList.java:1511)
]]></failure>
  </testcase>
  <testcase name="test3(int, int)" classname="com.qualizeal.AppTest" time="0.0">
    <skipped message="@DisabledIf(&quot;customConditionForMethod&quot;) evaluated to true"/>
  </testcase>
  <testcase name="test4(int, int)" classname="com.qualizeal.AppTest" time="0.0">
    <skipped message="@DisabledIf(&quot;customConditionForMethod&quot;) evaluated to true"/>
  </testcase>
  <testcase name="test5(int, int)" classname="com.qualizeal.AppTest" time="0.0">
    <skipped message="@DisabledIf(&quot;customConditionForMethod&quot;) evaluated to true"/>
  </testcase>
</testsuite>